🚀 Vertical Header Demo Server running on http://localhost:3006
📋 Features:
   • Vertical headers (80px left panels)
   • Move arrows (▲ ▼) in vertical layout
   • Metric cards with cross-highlighting
   • Complete UI terminology annotations
   • Interactive tablature with data attributes

✨ Perfect for your 100+ metrics statistical analysis!
[API] Vocabulary metrics served from cache (3.4 min old)
[API] Vocabulary metrics served from cache (3.4 min old)
[API] Thematic profiles served from cache (1.5 min old)
[API] Thematic profiles served from cache (1.5 min old)
Scanning MusicXML directory for new files...
Error extracting metadata from /Users/wecanmusic/Downloads/Dan Tranh Tablature/v4/data/musicxml/Bài chòi.musicxml.xml: Cannot read properties of null (reading 'toLowerCase')
Error extracting metadata from /Users/wecanmusic/Downloads/Dan Tranh Tablature/v4/data/musicxml/Hát ru 210 (1).musicxml.xml: Cannot read properties of null (reading 'toLowerCase')
Error extracting metadata from /Users/wecanmusic/Downloads/Dan Tranh Tablature/v4/data/musicxml/Hát ru lối Giặm.musicxml.xml: Cannot read properties of null (reading 'toLowerCase')
Error extracting metadata from /Users/wecanmusic/Downloads/Dan Tranh Tablature/v4/data/musicxml/Hát ru lục vân tiên 210.musicxml.xml: Cannot read properties of null (reading 'toLowerCase')
Error extracting metadata from /Users/wecanmusic/Downloads/Dan Tranh Tablature/v4/data/musicxml/Untitled1.musicxml.xml: Cannot read properties of null (reading 'toLowerCase')
Error extracting metadata from /Users/wecanmusic/Downloads/Dan Tranh Tablature/v4/data/musicxml/Ví dụ 32.musicxml.xml: Cannot read properties of null (reading 'toLowerCase')
Error extracting metadata from /Users/wecanmusic/Downloads/Dan Tranh Tablature/v4/data/musicxml/chiều chiều.musicxml.xml: Cannot read properties of null (reading 'toLowerCase')
Error extracting metadata from /Users/wecanmusic/Downloads/Dan Tranh Tablature/v4/data/musicxml/hát cuộc.musicxml.xml: Cannot read properties of null (reading 'toLowerCase')
Error extracting metadata from /Users/wecanmusic/Downloads/Dan Tranh Tablature/v4/data/musicxml/tùm lum 1.musicxml.xml: Cannot read properties of null (reading 'toLowerCase')
Library updated: 0 new files added, 119 total songs
[API] Vocabulary metrics served from cache (3.4 min old)
